2025/08/31 14:10:22 [INFO] TTS Client initialized (project root: /home/niko/Dev/tts)
2025/08/31 14:10:22 [INFO] Processing single text to: test.wav
2025/08/31 14:10:22 [ERROR] Failed to process text: failed to generate speech: TTS service error (500 Internal Server Error): Speech generation failed: Requested max_length (8192) exceeds the current max_seq_length (4096). (code: )
2025/08/31 14:11:12 [INFO] TTS Client initialized (project root: /home/niko/Dev/tts)
2025/08/31 14:11:12 [INFO] Processing single text to: test.wav
2025/08/31 14:11:12 [ERROR] Failed to process text: failed to generate speech: TTS service error (500 Internal Server Error): Speech generation failed: Requested max_length (8192) exceeds the current max_seq_length (4096). (code: )
2025/08/31 14:14:10 [INFO] TTS Client initialized (project root: /home/niko/Dev/tts)
2025/08/31 14:14:10 [INFO] Processing single text to: test.wav
2025/08/31 14:14:10 [ERROR] Failed to process text: failed to generate speech: TTS service error (500 Internal Server Error): Speech generation failed: Requested max_length (8192) exceeds the current max_seq_length (4096). (code: )
2025/08/31 14:15:13 [INFO] TTS Client initialized (project root: /home/niko/Dev/tts)
2025/08/31 14:15:13 [INFO] Processing single text to: test.wav
2025/08/31 14:15:13 [ERROR] Failed to process text: failed to generate speech: TTS service error (500 Internal Server Error): Speech generation failed: Requested max_length (8192) exceeds the current max_seq_length (4096). (code: )
2025/08/31 14:16:51 [INFO] TTS Client initialized (project root: /home/niko/Dev/tts)
2025/08/31 14:16:51 [INFO] Processing single text to: test.wav
2025/08/31 14:16:51 [ERROR] Failed to process text: failed to generate speech: TTS service error (500 Internal Server Error): Speech generation failed: Requested max_length (8192) exceeds the current max_seq_length (4096). (code: )
2025/08/31 14:18:38 [INFO] TTS Client initialized (project root: /home/niko/Dev/tts)
2025/08/31 14:18:38 [INFO] Processing single text to: test.wav
2025/08/31 14:18:38 [ERROR] Failed to process text: failed to generate speech: TTS service error (500 Internal Server Error): Speech generation failed: Requested max_length (8192) exceeds the current max_seq_length (4096). (code: )
2025/08/31 14:21:49 [INFO] TTS Client initialized (project root: /home/niko/Dev/tts)
2025/08/31 14:21:49 [INFO] Processing single text to: test.wav
2025/08/31 14:21:49 [ERROR] Failed to process text: failed to generate speech: TTS service error (500 Internal Server Error): Speech generation failed: Requested max_length (8192) exceeds the current max_seq_length (4096). (code: )
2025/08/31 14:24:11 [INFO] TTS Client initialized (project root: /home/niko/Dev/tts)
2025/08/31 14:24:11 [INFO] Processing single text to: test.wav
2025/08/31 14:24:11 [ERROR] Failed to process text: failed to generate speech: TTS service error (500 Internal Server Error): Speech generation failed: Requested max_length (8192) exceeds the current max_seq_length (4096). (code: )
2025/08/31 14:26:28 [INFO] TTS Client initialized (project root: /home/niko/Dev/tts)
2025/08/31 14:26:28 [INFO] Processing single text to: test.wav
2025/08/31 14:26:54 [ERROR] Failed to process text: failed to generate speech: TTS service error (500 Internal Server Error): Speech generation failed: 'ModelOutput' object has no attribute 'save_to_io' (code: )
2025/08/31 14:29:55 [INFO] TTS Client initialized (project root: /home/niko/Dev/tts)
2025/08/31 14:29:55 [INFO] Processing single text to: test.wav
2025/08/31 14:30:11 [ERROR] Failed to process text: failed to generate speech: TTS service error (500 Internal Server Error): Speech generation failed: 'ModelOutput' object has no attribute 'save_to_io' (code: )
2025/08/31 14:31:00 [INFO] TTS Client initialized (project root: /home/niko/Dev/tts)
2025/08/31 14:31:00 [INFO] Processing single text to: test.wav
2025/08/31 14:31:26 [ERROR] Failed to process text: failed to generate speech: TTS service error (500 Internal Server Error): Speech generation failed: '_io.BytesIO' object has no attribute 'endswith' (code: )
2025/08/31 14:37:16 [INFO] TTS Client initialized (project root: /home/niko/Dev/tts)
2025/08/31 14:37:16 [INFO] Processing single text to: test.wav
2025/08/31 14:37:16 [ERROR] Failed to process text: failed to generate speech: failed to send request to TTS service at http://127.0.0.1:8000: Post "http://127.0.0.1:8000/v1/generate/speech": dial tcp 127.0.0.1:8000: connect: connection refused
2025/08/31 14:37:22 [INFO] TTS Client initialized (project root: /home/niko/Dev/tts)
2025/08/31 14:37:22 [INFO] Processing single text to: test.wav
2025/08/31 14:37:58 [INFO] Generated audio: test.wav (238744 bytes)
2025/08/31 14:37:58 [INFO] Successfully generated speech: test.wav
